# JRE version: OpenJDK Runtime Environment (21.0.5) (build 21.0.5+-13047016-b750.29)
# Java VM: OpenJDK 64-Bit Server VM (21.0.5+-13047016-b750.29, mixed mode, tiered, compressed oops, compressed class ptrs, g1 gc, windows-amd64)
GC Precious Log:
 CardTable entry size: 512
 Card Set container configuration: InlinePtr #cards 4 size 8 Array Of Cards #cards 16 size 48 Howl #buckets 8 coarsen threshold 3686 Howl Bitmap #cards 512 size 80 coarsen threshold 460 Card regions per heap region 1 cards per card region 4096
 CPUs: 8 total, 8 available
 Memory: 16126M
 Large Page Support: Disabled
 NUMA Support: Disabled
 Compressed Oops: Enabled (Zero based)
 Heap Region Size: 2M
 Heap Min Capacity: 8M
 Heap Initial Capacity: 8M
 Heap Max Capacity: 4032M
 Pre-touch: Disabled
 Parallel Workers: 8
 Concurrent Workers: 2
 Concurrent Refinement Workers: 8
 Periodic GC: Disabled
Heap:
 garbage-first heap   total 18432K, used 5152K [0x0000000704000000, 0x0000000800000000)
  region size 2048K, 1 young (2048K), 1 survivors (2048K)
 Metaspace       used 10872K, committed 11136K, reserved 1114112K
  class space    used 1085K, committed 1216K, reserved 1048576K
GC Heap History (17 events):
Event: 0.120 GC heap before
{Heap before GC invocations=0 (full 0):
 garbage-first heap   total 8192K, used 0K [0x0000000704000000, 0x0000000800000000)
  region size 2048K, 1 young (2048K), 0 survivors (0K)
 Metaspace       used 6625K, committed 6784K, reserved 1114112K
  class space    used 591K, committed 704K, reserved 1048576K
}
Event: 0.123 GC heap after
{Heap after GC invocations=1 (full 0):
 garbage-first heap   total 8192K, used 768K [0x0000000704000000, 0x0000000800000000)
  region size 2048K, 1 young (2048K), 1 survivors (2048K)
 Metaspace       used 6625K, committed 6784K, reserved 1114112K
  class space    used 591K, committed 704K, reserved 1048576K
}
Event: 0.169 GC heap before
{Heap before GC invocations=1 (full 0):
 garbage-first heap   total 8192K, used 2816K [0x0000000704000000, 0x0000000800000000)
  region size 2048K, 2 young (4096K), 1 survivors (2048K)
 Metaspace       used 7996K, committed 8128K, reserved 1114112K
  class space    used 748K, committed 768K, reserved 1048576K
}
Event: 0.171 GC heap after
{Heap after GC invocations=2 (full 0):
 garbage-first heap   total 8192K, used 1182K [0x0000000704000000, 0x0000000800000000)
  region size 2048K, 1 young (2048K), 1 survivors (2048K)
 Metaspace       used 7996K, committed 8128K, reserved 1114112K
  class space    used 748K, committed 768K, reserved 1048576K
}
Event: 0.222 GC heap before
{Heap before GC invocations=2 (full 0):
 garbage-first heap   total 8192K, used 3230K [0x0000000704000000, 0x0000000800000000)
  region size 2048K, 2 young (4096K), 1 survivors (2048K)
 Metaspace       used 9347K, committed 9472K, reserved 1114112K
  class space    used 897K, committed 960K, reserved 1048576K
}
Event: 0.224 GC heap after
{Heap after GC invocations=3 (full 0):
 garbage-first heap   total 8192K, used 1672K [0x0000000704000000, 0x0000000800000000)
  region size 2048K, 1 young (2048K), 1 survivors (2048K)
 Metaspace       used 9347K, committed 9472K, reserved 1114112K
  class space    used 897K, committed 960K, reserved 1048576K
}
Event: 0.253 GC heap before
{Heap before GC invocations=3 (full 0):
 garbage-first heap   total 8192K, used 3720K [0x0000000704000000, 0x0000000800000000)
  region size 2048K, 2 young (4096K), 1 survivors (2048K)
 Metaspace       used 9723K, committed 9920K, reserved 1114112K
  class space    used 954K, committed 1024K, reserved 1048576K
}
Event: 0.257 GC heap after
{Heap after GC invocations=4 (full 0):
 garbage-first heap   total 8192K, used 2814K [0x0000000704000000, 0x0000000800000000)
  region size 2048K, 1 young (2048K), 1 survivors (2048K)
 Metaspace       used 9723K, committed 9920K, reserved 1114112K
  class space    used 954K, committed 1024K, reserved 1048576K
}
Event: 0.286 GC heap before
{Heap before GC invocations=4 (full 0):
 garbage-first heap   total 8192K, used 4862K [0x0000000704000000, 0x0000000800000000)
  region size 2048K, 2 young (4096K), 1 survivors (2048K)
 Metaspace       used 9993K, committed 10240K, reserved 1114112K
  class space    used 986K, committed 1088K, reserved 1048576K
}
Event: 0.290 GC heap after
{Heap after GC invocations=5 (full 0):
 garbage-first heap   total 18432K, used 3276K [0x0000000704000000, 0x0000000800000000)
  region size 2048K, 1 young (2048K), 1 survivors (2048K)
 Metaspace       used 9993K, committed 10240K, reserved 1114112K
  class space    used 986K, committed 1088K, reserved 1048576K
}
Event: 0.336 GC heap before
{Heap before GC invocations=5 (full 0):
 garbage-first heap   total 18432K, used 7372K [0x0000000704000000, 0x0000000800000000)
  region size 2048K, 3 young (6144K), 1 survivors (2048K)
 Metaspace       used 10570K, committed 10880K, reserved 1114112K
  class space    used 1069K, committed 1216K, reserved 1048576K
}
Event: 0.338 GC heap after
{Heap after GC invocations=6 (full 0):
 garbage-first heap   total 18432K, used 3971K [0x0000000704000000, 0x0000000800000000)
  region size 2048K, 1 young (2048K), 1 survivors (2048K)
 Metaspace       used 10570K, committed 10880K, reserved 1114112K
  class space    used 1069K, committed 1216K, reserved 1048576K
}
Event: 0.395 GC heap before
{Heap before GC invocations=6 (full 0):
 garbage-first heap   total 18432K, used 10115K [0x0000000704000000, 0x0000000800000000)
  region size 2048K, 4 young (8192K), 1 survivors (2048K)
 Metaspace       used 10780K, committed 11072K, reserved 1114112K
  class space    used 1078K, committed 1216K, reserved 1048576K
}
Event: 0.398 GC heap after
{Heap after GC invocations=7 (full 0):
 garbage-first heap   total 18432K, used 4957K [0x0000000704000000, 0x0000000800000000)
  region size 2048K, 1 young (2048K), 1 survivors (2048K)
 Metaspace       used 10780K, committed 11072K, reserved 1114112K
  class space    used 1078K, committed 1216K, reserved 1048576K
}
Event: 0.425 GC heap before
{Heap before GC invocations=7 (full 0):
 garbage-first heap   total 18432K, used 9053K [0x0000000704000000, 0x0000000800000000)
  region size 2048K, 4 young (8192K), 1 survivors (2048K)
 Metaspace       used 10852K, committed 11136K, reserved 1114112K
  class space    used 1085K, committed 1216K, reserved 1048576K
}
Event: 0.428 GC heap after
{Heap after GC invocations=8 (full 0):
 garbage-first heap   total 18432K, used 4987K [0x0000000704000000, 0x0000000800000000)
  region size 2048K, 1 young (2048K), 1 survivors (2048K)
 Metaspace       used 10852K, committed 11136K, reserved 1114112K
  class space    used 1085K, committed 1216K, reserved 1048576K
}
Event: 0.440 GC heap before
{Heap before GC invocations=8 (full 0):
 garbage-first heap   total 18432K, used 11131K [0x0000000704000000, 0x0000000800000000)
  region size 2048K, 4 young (8192K), 1 survivors (2048K)
 Metaspace       used 10872K, committed 11136K, reserved 1114112K
  class space    used 1085K, committed 1216K, reserved 1048576K
}

