# JRE version: OpenJDK Runtime Environment (21.0.5) (build 21.0.5+-13047016-b750.29)
# Java VM: OpenJDK 64-Bit Server VM (21.0.5+-13047016-b750.29, mixed mode, tiered, compressed oops, compressed class ptrs, g1 gc, windows-amd64)
GC Precious Log:
 CardTable entry size: 512
 Card Set container configuration: InlinePtr #cards 5 size 8 Array Of Cards #cards 12 size 40 Howl #buckets 4 coarsen threshold 1843 Howl Bitmap #cards 512 size 80 coarsen threshold 460 Card regions per heap region 1 cards per card region 2048
 CPUs: 8 total, 8 available
 Memory: 16126M
 Large Page Support: Disabled
 NUMA Support: Disabled
 Compressed Oops: Enabled (32-bit)
 Heap Region Size: 1M
 Heap Min Capacity: 8M
 Heap Initial Capacity: 252M
 Heap Max Capacity: 2G
 Pre-touch: Disabled
 Parallel Workers: 8
 Concurrent Workers: 2
 Concurrent Refinement Workers: 8
 Periodic GC: Disabled
Heap:
 garbage-first heap   total 305152K, used 228863K [0x0000000080000000, 0x0000000100000000)
  region size 1024K, 10 young (10240K), 10 survivors (10240K)
 Metaspace       used 132807K, committed 135104K, reserved 1179648K
  class space    used 17806K, committed 19008K, reserved 1048576K
GC Heap History (20 events):
Event: 10.277 GC heap after
{Heap after GC invocations=38 (full 0):
 garbage-first heap   total 250880K, used 141053K [0x0000000080000000, 0x0000000100000000)
  region size 1024K, 3 young (3072K), 3 survivors (3072K)
 Metaspace       used 113042K, committed 115136K, reserved 1179648K
  class space    used 15324K, committed 16384K, reserved 1048576K
}
Event: 10.291 GC heap before
{Heap before GC invocations=38 (full 0):
 garbage-first heap   total 250880K, used 142077K [0x0000000080000000, 0x0000000100000000)
  region size 1024K, 4 young (4096K), 3 survivors (3072K)
 Metaspace       used 113043K, committed 115136K, reserved 1179648K
  class space    used 15324K, committed 16384K, reserved 1048576K
}
Event: 10.293 GC heap after
{Heap after GC invocations=39 (full 0):
 garbage-first heap   total 250880K, used 141025K [0x0000000080000000, 0x0000000100000000)
  region size 1024K, 2 young (2048K), 2 survivors (2048K)
 Metaspace       used 113043K, committed 115136K, reserved 1179648K
  class space    used 15324K, committed 16384K, reserved 1048576K
}
Event: 11.063 GC heap before
{Heap before GC invocations=40 (full 0):
 garbage-first heap   total 250880K, used 239329K [0x0000000080000000, 0x0000000100000000)
  region size 1024K, 78 young (79872K), 2 survivors (2048K)
 Metaspace       used 115893K, committed 118016K, reserved 1179648K
  class space    used 15648K, committed 16704K, reserved 1048576K
}
Event: 11.075 GC heap after
{Heap after GC invocations=41 (full 0):
 garbage-first heap   total 250880K, used 147490K [0x0000000080000000, 0x0000000100000000)
  region size 1024K, 9 young (9216K), 9 survivors (9216K)
 Metaspace       used 115893K, committed 118016K, reserved 1179648K
  class space    used 15648K, committed 16704K, reserved 1048576K
}
Event: 11.408 GC heap before
{Heap before GC invocations=41 (full 0):
 garbage-first heap   total 250880K, used 218146K [0x0000000080000000, 0x0000000100000000)
  region size 1024K, 79 young (80896K), 9 survivors (9216K)
 Metaspace       used 119494K, committed 121664K, reserved 1179648K
  class space    used 15972K, committed 17088K, reserved 1048576K
}
Event: 11.417 GC heap after
{Heap after GC invocations=42 (full 0):
 garbage-first heap   total 250880K, used 152549K [0x0000000080000000, 0x0000000100000000)
  region size 1024K, 8 young (8192K), 8 survivors (8192K)
 Metaspace       used 119494K, committed 121664K, reserved 1179648K
  class space    used 15972K, committed 17088K, reserved 1048576K
}
Event: 11.565 GC heap before
{Heap before GC invocations=42 (full 0):
 garbage-first heap   total 250880K, used 201701K [0x0000000080000000, 0x0000000100000000)
  region size 1024K, 58 young (59392K), 8 survivors (8192K)
 Metaspace       used 120007K, committed 122240K, reserved 1179648K
  class space    used 16011K, committed 17152K, reserved 1048576K
}
Event: 11.570 GC heap after
{Heap after GC invocations=43 (full 0):
 garbage-first heap   total 250880K, used 153917K [0x0000000080000000, 0x0000000100000000)
  region size 1024K, 2 young (2048K), 2 survivors (2048K)
 Metaspace       used 120007K, committed 122240K, reserved 1179648K
  class space    used 16011K, committed 17152K, reserved 1048576K
}
Event: 12.031 GC heap before
{Heap before GC invocations=44 (full 0):
 garbage-first heap   total 250880K, used 213309K [0x0000000080000000, 0x0000000100000000)
  region size 1024K, 73 young (74752K), 2 survivors (2048K)
 Metaspace       used 121834K, committed 123968K, reserved 1179648K
  class space    used 16188K, committed 17280K, reserved 1048576K
}
Event: 12.034 GC heap after
{Heap after GC invocations=45 (full 0):
 garbage-first heap   total 250880K, used 139124K [0x0000000080000000, 0x0000000100000000)
  region size 1024K, 6 young (6144K), 6 survivors (6144K)
 Metaspace       used 121834K, committed 123968K, reserved 1179648K
  class space    used 16188K, committed 17280K, reserved 1048576K
}
Event: 12.692 GC heap before
{Heap before GC invocations=45 (full 0):
 garbage-first heap   total 250880K, used 224116K [0x0000000080000000, 0x0000000100000000)
  region size 1024K, 90 young (92160K), 6 survivors (6144K)
 Metaspace       used 124793K, committed 126976K, reserved 1179648K
  class space    used 16541K, committed 17664K, reserved 1048576K
}
Event: 12.699 GC heap after
{Heap after GC invocations=46 (full 0):
 garbage-first heap   total 250880K, used 138905K [0x0000000080000000, 0x0000000100000000)
  region size 1024K, 12 young (12288K), 12 survivors (12288K)
 Metaspace       used 124793K, committed 126976K, reserved 1179648K
  class space    used 16541K, committed 17664K, reserved 1048576K
}
Event: 12.981 GC heap before
{Heap before GC invocations=46 (full 0):
 garbage-first heap   total 250880K, used 198297K [0x0000000080000000, 0x0000000100000000)
  region size 1024K, 72 young (73728K), 12 survivors (12288K)
 Metaspace       used 125327K, committed 127552K, reserved 1179648K
  class space    used 16604K, committed 17728K, reserved 1048576K
}
Event: 12.989 GC heap after
{Heap after GC invocations=47 (full 0):
 garbage-first heap   total 250880K, used 141526K [0x0000000080000000, 0x0000000100000000)
  region size 1024K, 5 young (5120K), 5 survivors (5120K)
 Metaspace       used 125327K, committed 127552K, reserved 1179648K
  class space    used 16604K, committed 17728K, reserved 1048576K
}
Event: 13.495 GC heap before
{Heap before GC invocations=48 (full 0):
 garbage-first heap   total 269312K, used 267478K [0x0000000080000000, 0x0000000100000000)
  region size 1024K, 81 young (82944K), 5 survivors (5120K)
 Metaspace       used 129683K, committed 131904K, reserved 1179648K
  class space    used 17207K, committed 18304K, reserved 1048576K
}
Event: 13.501 GC heap after
{Heap after GC invocations=49 (full 0):
 garbage-first heap   total 281600K, used 176804K [0x0000000080000000, 0x0000000100000000)
  region size 1024K, 12 young (12288K), 12 survivors (12288K)
 Metaspace       used 129683K, committed 131904K, reserved 1179648K
  class space    used 17207K, committed 18304K, reserved 1048576K
}
Event: 14.014 GC heap before
{Heap before GC invocations=49 (full 0):
 garbage-first heap   total 281600K, used 254628K [0x0000000080000000, 0x0000000100000000)
  region size 1024K, 87 young (89088K), 12 survivors (12288K)
 Metaspace       used 132625K, committed 134848K, reserved 1179648K
  class space    used 17799K, committed 18944K, reserved 1048576K
}
Event: 14.036 GC heap after
{Heap after GC invocations=50 (full 0):
 garbage-first heap   total 292864K, used 195344K [0x0000000080000000, 0x0000000100000000)
  region size 1024K, 11 young (11264K), 11 survivors (11264K)
 Metaspace       used 132625K, committed 134848K, reserved 1179648K
  class space    used 17799K, committed 18944K, reserved 1048576K
}
Event: 14.214 GC heap before
{Heap before GC invocations=50 (full 0):
 garbage-first heap   total 292864K, used 258832K [0x0000000080000000, 0x0000000100000000)
  region size 1024K, 74 young (75776K), 11 survivors (11264K)
 Metaspace       used 132807K, committed 135104K, reserved 1179648K
  class space    used 17806K, committed 19008K, reserved 1048576K
}

