# JRE version: OpenJDK Runtime Environment (21.0.5) (build 21.0.5+-13047016-b750.29)
# Java VM: OpenJDK 64-Bit Server VM (21.0.5+-13047016-b750.29, mixed mode, tiered, compressed oops, compressed class ptrs, g1 gc, windows-amd64)
GC Precious Log:
 CardTable entry size: 512
 Card Set container configuration: InlinePtr #cards 5 size 8 Array Of Cards #cards 12 size 40 Howl #buckets 4 coarsen threshold 1843 Howl Bitmap #cards 512 size 80 coarsen threshold 460 Card regions per heap region 1 cards per card region 2048
 CPUs: 8 total, 8 available
 Memory: 16126M
 Large Page Support: Disabled
 NUMA Support: Disabled
 Compressed Oops: Enabled (32-bit)
 Heap Region Size: 1M
 Heap Min Capacity: 8M
 Heap Initial Capacity: 252M
 Heap Max Capacity: 2G
 Pre-touch: Disabled
 Parallel Workers: 8
 Concurrent Workers: 2
 Concurrent Refinement Workers: 8
 Periodic GC: Disabled
Heap:
 garbage-first heap   total 294912K, used 253440K [0x0000000080000000, 0x0000000100000000)
  region size 1024K, 47 young (48128K), 9 survivors (9216K)
 Metaspace       used 127368K, committed 129600K, reserved 1179648K
  class space    used 17376K, committed 18560K, reserved 1048576K
GC Heap History (20 events):
Event: 30.432 GC heap before
{Heap before GC invocations=36 (full 0):
 garbage-first heap   total 188416K, used 159697K [0x0000000080000000, 0x0000000100000000)
  region size 1024K, 47 young (48128K), 6 survivors (6144K)
 Metaspace       used 111511K, committed 113728K, reserved 1179648K
  class space    used 15210K, committed 16320K, reserved 1048576K
}
Event: 30.438 GC heap after
{Heap after GC invocations=37 (full 0):
 garbage-first heap   total 188416K, used 118753K [0x0000000080000000, 0x0000000100000000)
  region size 1024K, 6 young (6144K), 6 survivors (6144K)
 Metaspace       used 111511K, committed 113728K, reserved 1179648K
  class space    used 15210K, committed 16320K, reserved 1048576K
}
Event: 30.925 GC heap before
{Heap before GC invocations=37 (full 0):
 garbage-first heap   total 188416K, used 170977K [0x0000000080000000, 0x0000000100000000)
  region size 1024K, 58 young (59392K), 6 survivors (6144K)
 Metaspace       used 115086K, committed 117248K, reserved 1179648K
  class space    used 15655K, committed 16704K, reserved 1048576K
}
Event: 30.935 GC heap after
{Heap after GC invocations=38 (full 0):
 garbage-first heap   total 194560K, used 128542K [0x0000000080000000, 0x0000000100000000)
  region size 1024K, 8 young (8192K), 8 survivors (8192K)
 Metaspace       used 115086K, committed 117248K, reserved 1179648K
  class space    used 15655K, committed 16704K, reserved 1048576K
}
Event: 31.035 GC heap before
{Heap before GC invocations=38 (full 0):
 garbage-first heap   total 194560K, used 138782K [0x0000000080000000, 0x0000000100000000)
  region size 1024K, 19 young (19456K), 8 survivors (8192K)
 Metaspace       used 115300K, committed 117568K, reserved 1179648K
  class space    used 15669K, committed 16832K, reserved 1048576K
}
Event: 31.044 GC heap after
{Heap after GC invocations=39 (full 0):
 garbage-first heap   total 233472K, used 138023K [0x0000000080000000, 0x0000000100000000)
  region size 1024K, 7 young (7168K), 7 survivors (7168K)
 Metaspace       used 115300K, committed 117568K, reserved 1179648K
  class space    used 15669K, committed 16832K, reserved 1048576K
}
Event: 31.052 GC heap before
{Heap before GC invocations=39 (full 0):
 garbage-first heap   total 233472K, used 139047K [0x0000000080000000, 0x0000000100000000)
  region size 1024K, 8 young (8192K), 7 survivors (7168K)
 Metaspace       used 115300K, committed 117568K, reserved 1179648K
  class space    used 15669K, committed 16832K, reserved 1048576K
}
Event: 31.056 GC heap after
{Heap after GC invocations=40 (full 0):
 garbage-first heap   total 233472K, used 139608K [0x0000000080000000, 0x0000000100000000)
  region size 1024K, 1 young (1024K), 1 survivors (1024K)
 Metaspace       used 115300K, committed 117568K, reserved 1179648K
  class space    used 15669K, committed 16832K, reserved 1048576K
}
Event: 31.546 GC heap before
{Heap before GC invocations=41 (full 0):
 garbage-first heap   total 258048K, used 219480K [0x0000000080000000, 0x0000000100000000)
  region size 1024K, 66 young (67584K), 1 survivors (1024K)
 Metaspace       used 119045K, committed 121280K, reserved 1179648K
  class space    used 16083K, committed 17216K, reserved 1048576K
}
Event: 31.550 GC heap after
{Heap after GC invocations=42 (full 0):
 garbage-first heap   total 258048K, used 146792K [0x0000000080000000, 0x0000000100000000)
  region size 1024K, 5 young (5120K), 5 survivors (5120K)
 Metaspace       used 119045K, committed 121280K, reserved 1179648K
  class space    used 16083K, committed 17216K, reserved 1048576K
}
Event: 31.910 GC heap before
{Heap before GC invocations=42 (full 0):
 garbage-first heap   total 258048K, used 232808K [0x0000000080000000, 0x0000000100000000)
  region size 1024K, 90 young (92160K), 5 survivors (5120K)
 Metaspace       used 120090K, committed 122304K, reserved 1179648K
  class space    used 16203K, committed 17280K, reserved 1048576K
}
Event: 31.917 GC heap after
{Heap after GC invocations=43 (full 0):
 garbage-first heap   total 258048K, used 150149K [0x0000000080000000, 0x0000000100000000)
  region size 1024K, 10 young (10240K), 10 survivors (10240K)
 Metaspace       used 120090K, committed 122304K, reserved 1179648K
  class space    used 16203K, committed 17280K, reserved 1048576K
}
Event: 31.926 GC heap before
{Heap before GC invocations=43 (full 0):
 garbage-first heap   total 258048K, used 154245K [0x0000000080000000, 0x0000000100000000)
  region size 1024K, 15 young (15360K), 10 survivors (10240K)
 Metaspace       used 120145K, committed 122368K, reserved 1179648K
  class space    used 16211K, committed 17344K, reserved 1048576K
}
Event: 31.930 GC heap after
{Heap after GC invocations=44 (full 0):
 garbage-first heap   total 258048K, used 150607K [0x0000000080000000, 0x0000000100000000)
  region size 1024K, 2 young (2048K), 2 survivors (2048K)
 Metaspace       used 120145K, committed 122368K, reserved 1179648K
  class space    used 16211K, committed 17344K, reserved 1048576K
}
Event: 32.249 GC heap before
{Heap before GC invocations=45 (full 0):
 garbage-first heap   total 270336K, used 227407K [0x0000000080000000, 0x0000000100000000)
  region size 1024K, 63 young (64512K), 2 survivors (2048K)
 Metaspace       used 124174K, committed 126400K, reserved 1179648K
  class space    used 16772K, committed 17920K, reserved 1048576K
}
Event: 32.252 GC heap after
{Heap after GC invocations=46 (full 0):
 garbage-first heap   total 270336K, used 168026K [0x0000000080000000, 0x0000000100000000)
  region size 1024K, 7 young (7168K), 7 survivors (7168K)
 Metaspace       used 124174K, committed 126400K, reserved 1179648K
  class space    used 16772K, committed 17920K, reserved 1048576K
}
Event: 32.650 GC heap before
{Heap before GC invocations=46 (full 0):
 garbage-first heap   total 270336K, used 262234K [0x0000000080000000, 0x0000000100000000)
  region size 1024K, 68 young (69632K), 7 survivors (7168K)
 Metaspace       used 124528K, committed 126784K, reserved 1179648K
  class space    used 16819K, committed 17920K, reserved 1048576K
}
Event: 32.671 GC heap after
{Heap after GC invocations=47 (full 0):
 garbage-first heap   total 294912K, used 192512K [0x0000000080000000, 0x0000000100000000)
  region size 1024K, 9 young (9216K), 9 survivors (9216K)
 Metaspace       used 124528K, committed 126784K, reserved 1179648K
  class space    used 16819K, committed 17920K, reserved 1048576K
}
Event: 32.923 GC heap before
{Heap before GC invocations=47 (full 0):
 garbage-first heap   total 294912K, used 250880K [0x0000000080000000, 0x0000000100000000)
  region size 1024K, 67 young (68608K), 9 survivors (9216K)
 Metaspace       used 127307K, committed 129536K, reserved 1179648K
  class space    used 17375K, committed 18560K, reserved 1048576K
}
Event: 32.944 GC heap after
{Heap after GC invocations=48 (full 0):
 garbage-first heap   total 294912K, used 217600K [0x0000000080000000, 0x0000000100000000)
  region size 1024K, 9 young (9216K), 9 survivors (9216K)
 Metaspace       used 127307K, committed 129536K, reserved 1179648K
  class space    used 17375K, committed 18560K, reserved 1048576K
}

