# JRE version: OpenJDK Runtime Environment (21.0.5) (build 21.0.5+-13047016-b750.29)
# Java VM: OpenJDK 64-Bit Server VM (21.0.5+-13047016-b750.29, mixed mode, tiered, compressed oops, compressed class ptrs, g1 gc, windows-amd64)
GC Precious Log:
 CardTable entry size: 512
 Card Set container configuration: InlinePtr #cards 5 size 8 Array Of Cards #cards 12 size 40 Howl #buckets 4 coarsen threshold 1843 Howl Bitmap #cards 512 size 80 coarsen threshold 460 Card regions per heap region 1 cards per card region 2048
 CPUs: 8 total, 8 available
 Memory: 16126M
 Large Page Support: Disabled
 NUMA Support: Disabled
 Compressed Oops: Enabled (32-bit)
 Heap Region Size: 1M
 Heap Min Capacity: 8M
 Heap Initial Capacity: 252M
 Heap Max Capacity: 2G
 Pre-touch: Disabled
 Parallel Workers: 8
 Concurrent Workers: 2
 Concurrent Refinement Workers: 8
 Periodic GC: Disabled
Heap:
 garbage-first heap   total 337920K, used 260756K [0x0000000080000000, 0x0000000100000000)
  region size 1024K, 61 young (62464K), 2 survivors (2048K)
 Metaspace       used 134191K, committed 139328K, reserved 1179648K
  class space    used 17455K, committed 19392K, reserved 1048576K
GC Heap History (20 events):
Event: 120.218 GC heap before
{Heap before GC invocations=42 (full 0):
 garbage-first heap   total 275456K, used 252659K [0x0000000080000000, 0x0000000100000000)
  region size 1024K, 91 young (93184K), 7 survivors (7168K)
 Metaspace       used 115122K, committed 117376K, reserved 1179648K
  class space    used 15637K, committed 16768K, reserved 1048576K
}
Event: 120.223 GC heap after
{Heap after GC invocations=43 (full 0):
 garbage-first heap   total 275456K, used 170821K [0x0000000080000000, 0x0000000100000000)
  region size 1024K, 10 young (10240K), 10 survivors (10240K)
 Metaspace       used 115122K, committed 117376K, reserved 1179648K
  class space    used 15637K, committed 16768K, reserved 1048576K
}
Event: 120.573 GC heap before
{Heap before GC invocations=44 (full 0):
 garbage-first heap   total 286720K, used 249669K [0x0000000080000000, 0x0000000100000000)
  region size 1024K, 87 young (89088K), 10 survivors (10240K)
 Metaspace       used 115122K, committed 117376K, reserved 1179648K
  class space    used 15637K, committed 16768K, reserved 1048576K
}
Event: 120.579 GC heap after
{Heap after GC invocations=45 (full 0):
 garbage-first heap   total 286720K, used 174431K [0x0000000080000000, 0x0000000100000000)
  region size 1024K, 10 young (10240K), 10 survivors (10240K)
 Metaspace       used 115122K, committed 117376K, reserved 1179648K
  class space    used 15637K, committed 16768K, reserved 1048576K
}
Event: 120.929 GC heap before
{Heap before GC invocations=45 (full 0):
 garbage-first heap   total 286720K, used 261471K [0x0000000080000000, 0x0000000100000000)
  region size 1024K, 95 young (97280K), 10 survivors (10240K)
 Metaspace       used 115122K, committed 117376K, reserved 1179648K
  class space    used 15637K, committed 16768K, reserved 1048576K
}
Event: 120.935 GC heap after
{Heap after GC invocations=46 (full 0):
 garbage-first heap   total 286720K, used 176332K [0x0000000080000000, 0x0000000100000000)
  region size 1024K, 10 young (10240K), 10 survivors (10240K)
 Metaspace       used 115122K, committed 117376K, reserved 1179648K
  class space    used 15637K, committed 16768K, reserved 1048576K
}
Event: 121.259 GC heap before
{Heap before GC invocations=46 (full 0):
 garbage-first heap   total 286720K, used 261324K [0x0000000080000000, 0x0000000100000000)
  region size 1024K, 93 young (95232K), 10 survivors (10240K)
 Metaspace       used 115122K, committed 117376K, reserved 1179648K
  class space    used 15637K, committed 16768K, reserved 1048576K
}
Event: 121.264 GC heap after
{Heap after GC invocations=47 (full 0):
 garbage-first heap   total 286720K, used 179772K [0x0000000080000000, 0x0000000100000000)
  region size 1024K, 10 young (10240K), 10 survivors (10240K)
 Metaspace       used 115122K, committed 117376K, reserved 1179648K
  class space    used 15637K, committed 16768K, reserved 1048576K
}
Event: 121.691 GC heap before
{Heap before GC invocations=48 (full 0):
 garbage-first heap   total 302080K, used 258620K [0x0000000080000000, 0x0000000100000000)
  region size 1024K, 87 young (89088K), 10 survivors (10240K)
 Metaspace       used 115124K, committed 117376K, reserved 1179648K
  class space    used 15638K, committed 16768K, reserved 1048576K
}
Event: 121.697 GC heap after
{Heap after GC invocations=49 (full 0):
 garbage-first heap   total 302080K, used 182141K [0x0000000080000000, 0x0000000100000000)
  region size 1024K, 8 young (8192K), 8 survivors (8192K)
 Metaspace       used 115124K, committed 117376K, reserved 1179648K
  class space    used 15638K, committed 16768K, reserved 1048576K
}
Event: 123.001 GC heap before
{Heap before GC invocations=49 (full 0):
 garbage-first heap   total 302080K, used 277373K [0x0000000080000000, 0x0000000100000000)
  region size 1024K, 100 young (102400K), 8 survivors (8192K)
 Metaspace       used 124000K, committed 126400K, reserved 1179648K
  class space    used 16751K, committed 17920K, reserved 1048576K
}
Event: 123.013 GC heap after
{Heap after GC invocations=50 (full 0):
 garbage-first heap   total 302080K, used 185041K [0x0000000080000000, 0x0000000100000000)
  region size 1024K, 9 young (9216K), 9 survivors (9216K)
 Metaspace       used 124000K, committed 126400K, reserved 1179648K
  class space    used 16751K, committed 17920K, reserved 1048576K
}
Event: 123.516 GC heap before
{Heap before GC invocations=50 (full 0):
 garbage-first heap   total 302080K, used 218833K [0x0000000080000000, 0x0000000100000000)
  region size 1024K, 44 young (45056K), 9 survivors (9216K)
 Metaspace       used 127229K, committed 129600K, reserved 1179648K
  class space    used 17119K, committed 18304K, reserved 1048576K
}
Event: 123.523 GC heap after
{Heap after GC invocations=51 (full 0):
 garbage-first heap   total 302080K, used 187509K [0x0000000080000000, 0x0000000100000000)
  region size 1024K, 7 young (7168K), 7 survivors (7168K)
 Metaspace       used 127229K, committed 129600K, reserved 1179648K
  class space    used 17119K, committed 18304K, reserved 1048576K
}
Event: 124.480 GC heap before
{Heap before GC invocations=52 (full 0):
 garbage-first heap   total 322560K, used 280693K [0x0000000080000000, 0x0000000100000000)
  region size 1024K, 94 young (96256K), 7 survivors (7168K)
 Metaspace       used 129994K, committed 132288K, reserved 1179648K
  class space    used 17349K, committed 18496K, reserved 1048576K
}
Event: 124.489 GC heap after
{Heap after GC invocations=53 (full 0):
 garbage-first heap   total 322560K, used 194160K [0x0000000080000000, 0x0000000100000000)
  region size 1024K, 10 young (10240K), 10 survivors (10240K)
 Metaspace       used 129994K, committed 132288K, reserved 1179648K
  class space    used 17349K, committed 18496K, reserved 1048576K
}
Event: 128.705 GC heap before
{Heap before GC invocations=53 (full 0):
 garbage-first heap   total 322560K, used 292464K [0x0000000080000000, 0x0000000100000000)
  region size 1024K, 107 young (109568K), 10 survivors (10240K)
 Metaspace       used 136384K, committed 138752K, reserved 1179648K
  class space    used 18118K, committed 19328K, reserved 1048576K
}
Event: 128.718 GC heap after
{Heap after GC invocations=54 (full 0):
 garbage-first heap   total 322560K, used 201229K [0x0000000080000000, 0x0000000100000000)
  region size 1024K, 9 young (9216K), 9 survivors (9216K)
 Metaspace       used 136384K, committed 138752K, reserved 1179648K
  class space    used 18118K, committed 19328K, reserved 1048576K
}
Event: 3725.708 GC heap before
{Heap before GC invocations=54 (full 0):
 garbage-first heap   total 322560K, used 295437K [0x0000000080000000, 0x0000000100000000)
  region size 1024K, 101 young (103424K), 9 survivors (9216K)
 Metaspace       used 136803K, committed 139264K, reserved 1179648K
  class space    used 18131K, committed 19392K, reserved 1048576K
}
Event: 3725.731 GC heap after
{Heap after GC invocations=55 (full 0):
 garbage-first heap   total 322560K, used 202388K [0x0000000080000000, 0x0000000100000000)
  region size 1024K, 2 young (2048K), 2 survivors (2048K)
 Metaspace       used 136803K, committed 139264K, reserved 1179648K
  class space    used 18131K, committed 19392K, reserved 1048576K
}

