# JRE version: OpenJDK Runtime Environment (21.0.5) (build 21.0.5+-13047016-b750.29)
# Java VM: OpenJDK 64-Bit Server VM (21.0.5+-13047016-b750.29, mixed mode, tiered, compressed oops, compressed class ptrs, g1 gc, windows-amd64)
GC Precious Log:
 CardTable entry size: 512
 Card Set container configuration: InlinePtr #cards 5 size 8 Array Of Cards #cards 12 size 40 Howl #buckets 4 coarsen threshold 1843 Howl Bitmap #cards 512 size 80 coarsen threshold 460 Card regions per heap region 1 cards per card region 2048
 CPUs: 8 total, 8 available
 Memory: 16126M
 Large Page Support: Disabled
 NUMA Support: Disabled
 Compressed Oops: Enabled (32-bit)
 Heap Region Size: 1M
 Heap Min Capacity: 8M
 Heap Initial Capacity: 252M
 Heap Max Capacity: 2G
 Pre-touch: Disabled
 Parallel Workers: 8
 Concurrent Workers: 2
 Concurrent Refinement Workers: 8
 Periodic GC: Disabled
Heap:
 garbage-first heap   total 199680K, used 162171K [0x0000000080000000, 0x0000000100000000)
  region size 1024K, 10 young (10240K), 7 survivors (7168K)
 Metaspace       used 116703K, committed 118912K, reserved 1179648K
  class space    used 15881K, committed 16960K, reserved 1048576K
GC Heap History (20 events):
Event: 72.449 GC heap before
{Heap before GC invocations=25 (full 0):
 garbage-first heap   total 153600K, used 136974K [0x0000000080000000, 0x0000000100000000)
  region size 1024K, 64 young (65536K), 7 survivors (7168K)
 Metaspace       used 89896K, committed 91776K, reserved 1179648K
  class space    used 12099K, committed 13056K, reserved 1048576K
}
Event: 72.455 GC heap after
{Heap after GC invocations=26 (full 0):
 garbage-first heap   total 153600K, used 83639K [0x0000000080000000, 0x0000000100000000)
  region size 1024K, 8 young (8192K), 8 survivors (8192K)
 Metaspace       used 89896K, committed 91776K, reserved 1179648K
  class space    used 12099K, committed 13056K, reserved 1048576K
}
Event: 72.883 GC heap before
{Heap before GC invocations=27 (full 0):
 garbage-first heap   total 153600K, used 136887K [0x0000000080000000, 0x0000000100000000)
  region size 1024K, 60 young (61440K), 8 survivors (8192K)
 Metaspace       used 93884K, committed 95872K, reserved 1179648K
  class space    used 12701K, committed 13696K, reserved 1048576K
}
Event: 72.888 GC heap after
{Heap after GC invocations=28 (full 0):
 garbage-first heap   total 153600K, used 85647K [0x0000000080000000, 0x0000000100000000)
  region size 1024K, 3 young (3072K), 3 survivors (3072K)
 Metaspace       used 93884K, committed 95872K, reserved 1179648K
  class space    used 12701K, committed 13696K, reserved 1048576K
}
Event: 73.385 GC heap before
{Heap before GC invocations=28 (full 0):
 garbage-first heap   total 153600K, used 139919K [0x0000000080000000, 0x0000000100000000)
  region size 1024K, 56 young (57344K), 3 survivors (3072K)
 Metaspace       used 98135K, committed 100160K, reserved 1179648K
  class space    used 13420K, committed 14464K, reserved 1048576K
}
Event: 73.389 GC heap after
{Heap after GC invocations=29 (full 0):
 garbage-first heap   total 153600K, used 87061K [0x0000000080000000, 0x0000000100000000)
  region size 1024K, 5 young (5120K), 5 survivors (5120K)
 Metaspace       used 98135K, committed 100160K, reserved 1179648K
  class space    used 13420K, committed 14464K, reserved 1048576K
}
Event: 73.816 GC heap before
{Heap before GC invocations=29 (full 0):
 garbage-first heap   total 153600K, used 139285K [0x0000000080000000, 0x0000000100000000)
  region size 1024K, 56 young (57344K), 5 survivors (5120K)
 Metaspace       used 102057K, committed 104192K, reserved 1179648K
  class space    used 13968K, committed 15040K, reserved 1048576K
}
Event: 73.821 GC heap after
{Heap after GC invocations=30 (full 0):
 garbage-first heap   total 153600K, used 90308K [0x0000000080000000, 0x0000000100000000)
  region size 1024K, 6 young (6144K), 6 survivors (6144K)
 Metaspace       used 102057K, committed 104192K, reserved 1179648K
  class space    used 13968K, committed 15040K, reserved 1048576K
}
Event: 74.311 GC heap before
{Heap before GC invocations=31 (full 0):
 garbage-first heap   total 153600K, used 138436K [0x0000000080000000, 0x0000000100000000)
  region size 1024K, 53 young (54272K), 6 survivors (6144K)
 Metaspace       used 106573K, committed 108672K, reserved 1179648K
  class space    used 14624K, committed 15680K, reserved 1048576K
}
Event: 74.317 GC heap after
{Heap after GC invocations=32 (full 0):
 garbage-first heap   total 153600K, used 92201K [0x0000000080000000, 0x0000000100000000)
  region size 1024K, 6 young (6144K), 6 survivors (6144K)
 Metaspace       used 106573K, committed 108672K, reserved 1179648K
  class space    used 14624K, committed 15680K, reserved 1048576K
}
Event: 74.799 GC heap before
{Heap before GC invocations=32 (full 0):
 garbage-first heap   total 153600K, used 137257K [0x0000000080000000, 0x0000000100000000)
  region size 1024K, 51 young (52224K), 6 survivors (6144K)
 Metaspace       used 109448K, committed 111616K, reserved 1179648K
  class space    used 15074K, committed 16128K, reserved 1048576K
}
Event: 74.807 GC heap after
{Heap after GC invocations=33 (full 0):
 garbage-first heap   total 184320K, used 95658K [0x0000000080000000, 0x0000000100000000)
  region size 1024K, 7 young (7168K), 7 survivors (7168K)
 Metaspace       used 109448K, committed 111616K, reserved 1179648K
  class space    used 15074K, committed 16128K, reserved 1048576K
}
Event: 75.328 GC heap before
{Heap before GC invocations=33 (full 0):
 garbage-first heap   total 184320K, used 166314K [0x0000000080000000, 0x0000000100000000)
  region size 1024K, 76 young (77824K), 7 survivors (7168K)
 Metaspace       used 110655K, committed 112832K, reserved 1179648K
  class space    used 15198K, committed 16256K, reserved 1048576K
}
Event: 75.334 GC heap after
{Heap after GC invocations=34 (full 0):
 garbage-first heap   total 184320K, used 102245K [0x0000000080000000, 0x0000000100000000)
  region size 1024K, 10 young (10240K), 10 survivors (10240K)
 Metaspace       used 110655K, committed 112832K, reserved 1179648K
  class space    used 15198K, committed 16256K, reserved 1048576K
}
Event: 75.742 GC heap before
{Heap before GC invocations=35 (full 0):
 garbage-first heap   total 184320K, used 168805K [0x0000000080000000, 0x0000000100000000)
  region size 1024K, 71 young (72704K), 10 survivors (10240K)
 Metaspace       used 112293K, committed 114496K, reserved 1179648K
  class space    used 15373K, committed 16512K, reserved 1048576K
}
Event: 75.750 GC heap after
{Heap after GC invocations=36 (full 0):
 garbage-first heap   total 184320K, used 105506K [0x0000000080000000, 0x0000000100000000)
  region size 1024K, 6 young (6144K), 6 survivors (6144K)
 Metaspace       used 112293K, committed 114496K, reserved 1179648K
  class space    used 15373K, committed 16512K, reserved 1048576K
}
Event: 76.266 GC heap before
{Heap before GC invocations=36 (full 0):
 garbage-first heap   total 184320K, used 170018K [0x0000000080000000, 0x0000000100000000)
  region size 1024K, 67 young (68608K), 6 survivors (6144K)
 Metaspace       used 114303K, committed 116544K, reserved 1179648K
  class space    used 15590K, committed 16704K, reserved 1048576K
}
Event: 76.279 GC heap after
{Heap after GC invocations=37 (full 0):
 garbage-first heap   total 199680K, used 123770K [0x0000000080000000, 0x0000000100000000)
  region size 1024K, 9 young (9216K), 9 survivors (9216K)
 Metaspace       used 114303K, committed 116544K, reserved 1179648K
  class space    used 15590K, committed 16704K, reserved 1048576K
}
Event: 76.565 GC heap before
{Heap before GC invocations=37 (full 0):
 garbage-first heap   total 199680K, used 152442K [0x0000000080000000, 0x0000000100000000)
  region size 1024K, 39 young (39936K), 9 survivors (9216K)
 Metaspace       used 116683K, committed 118848K, reserved 1179648K
  class space    used 15878K, committed 16960K, reserved 1048576K
}
Event: 76.575 GC heap after
{Heap after GC invocations=38 (full 0):
 garbage-first heap   total 199680K, used 134523K [0x0000000080000000, 0x0000000100000000)
  region size 1024K, 7 young (7168K), 7 survivors (7168K)
 Metaspace       used 116683K, committed 118848K, reserved 1179648K
  class space    used 15878K, committed 16960K, reserved 1048576K
}

