# JRE version: OpenJDK Runtime Environment (21.0.5) (build 21.0.5+-13047016-b750.29)
# Java VM: OpenJDK 64-Bit Server VM (21.0.5+-13047016-b750.29, mixed mode, tiered, compressed oops, compressed class ptrs, g1 gc, windows-amd64)
GC Precious Log:
 CardTable entry size: 512
 Card Set container configuration: InlinePtr #cards 5 size 8 Array Of Cards #cards 12 size 40 Howl #buckets 4 coarsen threshold 1843 Howl Bitmap #cards 512 size 80 coarsen threshold 460 Card regions per heap region 1 cards per card region 2048
 CPUs: 8 total, 8 available
 Memory: 16126M
 Large Page Support: Disabled
 NUMA Support: Disabled
 Compressed Oops: Enabled (32-bit)
 Heap Region Size: 1M
 Heap Min Capacity: 8M
 Heap Initial Capacity: 252M
 Heap Max Capacity: 2G
 Pre-touch: Disabled
 Parallel Workers: 8
 Concurrent Workers: 2
 Concurrent Refinement Workers: 8
 Periodic GC: Disabled
Heap:
 garbage-first heap   total 151552K, used 88843K [0x0000000080000000, 0x0000000100000000)
  region size 1024K, 25 young (25600K), 3 survivors (3072K)
 Metaspace       used 74648K, committed 76416K, reserved 1114112K
  class space    used 10065K, committed 10944K, reserved 1048576K
GC Heap History (20 events):
Event: 24.310 GC heap before
{Heap before GC invocations=9 (full 0):
 garbage-first heap   total 89088K, used 76794K [0x0000000080000000, 0x0000000100000000)
  region size 1024K, 52 young (53248K), 3 survivors (3072K)
 Metaspace       used 43902K, committed 45056K, reserved 1114112K
  class space    used 5871K, committed 6464K, reserved 1048576K
}
Event: 24.315 GC heap after
{Heap after GC invocations=10 (full 0):
 garbage-first heap   total 89088K, used 30542K [0x0000000080000000, 0x0000000100000000)
  region size 1024K, 7 young (7168K), 7 survivors (7168K)
 Metaspace       used 43902K, committed 45056K, reserved 1114112K
  class space    used 5871K, committed 6464K, reserved 1048576K
}
Event: 24.538 GC heap before
{Heap before GC invocations=10 (full 0):
 garbage-first heap   total 89088K, used 74574K [0x0000000080000000, 0x0000000100000000)
  region size 1024K, 51 young (52224K), 7 survivors (7168K)
 Metaspace       used 46592K, committed 47872K, reserved 1114112K
  class space    used 6221K, committed 6848K, reserved 1048576K
}
Event: 24.544 GC heap after
{Heap after GC invocations=11 (full 0):
 garbage-first heap   total 115712K, used 33643K [0x0000000080000000, 0x0000000100000000)
  region size 1024K, 4 young (4096K), 4 survivors (4096K)
 Metaspace       used 46592K, committed 47872K, reserved 1114112K
  class space    used 6221K, committed 6848K, reserved 1048576K
}
Event: 25.141 GC heap before
{Heap before GC invocations=11 (full 0):
 garbage-first heap   total 115712K, used 100203K [0x0000000080000000, 0x0000000100000000)
  region size 1024K, 67 young (68608K), 4 survivors (4096K)
 Metaspace       used 54310K, committed 55744K, reserved 1114112K
  class space    used 7316K, committed 8000K, reserved 1048576K
}
Event: 25.144 GC heap after
{Heap after GC invocations=12 (full 0):
 garbage-first heap   total 115712K, used 36243K [0x0000000080000000, 0x0000000100000000)
  region size 1024K, 6 young (6144K), 6 survivors (6144K)
 Metaspace       used 54310K, committed 55744K, reserved 1114112K
  class space    used 7316K, committed 8000K, reserved 1048576K
}
Event: 25.442 GC heap before
{Heap before GC invocations=12 (full 0):
 garbage-first heap   total 115712K, used 66963K [0x0000000080000000, 0x0000000100000000)
  region size 1024K, 37 young (37888K), 6 survivors (6144K)
 Metaspace       used 58753K, committed 60288K, reserved 1114112K
  class space    used 7930K, committed 8704K, reserved 1048576K
}
Event: 25.447 GC heap after
{Heap after GC invocations=13 (full 0):
 garbage-first heap   total 115712K, used 37613K [0x0000000080000000, 0x0000000100000000)
  region size 1024K, 6 young (6144K), 6 survivors (6144K)
 Metaspace       used 58753K, committed 60288K, reserved 1114112K
  class space    used 7930K, committed 8704K, reserved 1048576K
}
Event: 26.238 GC heap before
{Heap before GC invocations=14 (full 0):
 garbage-first heap   total 115712K, used 100077K [0x0000000080000000, 0x0000000100000000)
  region size 1024K, 67 young (68608K), 6 survivors (6144K)
 Metaspace       used 65504K, committed 67200K, reserved 1114112K
  class space    used 8961K, committed 9792K, reserved 1048576K
}
Event: 26.244 GC heap after
{Heap after GC invocations=15 (full 0):
 garbage-first heap   total 115712K, used 43785K [0x0000000080000000, 0x0000000100000000)
  region size 1024K, 8 young (8192K), 8 survivors (8192K)
 Metaspace       used 65504K, committed 67200K, reserved 1114112K
  class space    used 8961K, committed 9792K, reserved 1048576K
}
Event: 26.515 GC heap before
{Heap before GC invocations=15 (full 0):
 garbage-first heap   total 115712K, used 99081K [0x0000000080000000, 0x0000000100000000)
  region size 1024K, 62 young (63488K), 8 survivors (8192K)
 Metaspace       used 66500K, committed 68224K, reserved 1114112K
  class space    used 9082K, committed 9920K, reserved 1048576K
}
Event: 26.521 GC heap after
{Heap after GC invocations=16 (full 0):
 garbage-first heap   total 115712K, used 46856K [0x0000000080000000, 0x0000000100000000)
  region size 1024K, 5 young (5120K), 5 survivors (5120K)
 Metaspace       used 66500K, committed 68224K, reserved 1114112K
  class space    used 9082K, committed 9920K, reserved 1048576K
}
Event: 26.683 GC heap before
{Heap before GC invocations=16 (full 0):
 garbage-first heap   total 115712K, used 101128K [0x0000000080000000, 0x0000000100000000)
  region size 1024K, 59 young (60416K), 5 survivors (5120K)
 Metaspace       used 66768K, committed 68416K, reserved 1114112K
  class space    used 9082K, committed 9920K, reserved 1048576K
}
Event: 26.686 GC heap after
{Heap after GC invocations=17 (full 0):
 garbage-first heap   total 115712K, used 47861K [0x0000000080000000, 0x0000000100000000)
  region size 1024K, 6 young (6144K), 6 survivors (6144K)
 Metaspace       used 66768K, committed 68416K, reserved 1114112K
  class space    used 9082K, committed 9920K, reserved 1048576K
}
Event: 26.809 GC heap before
{Heap before GC invocations=17 (full 0):
 garbage-first heap   total 115712K, used 100085K [0x0000000080000000, 0x0000000100000000)
  region size 1024K, 58 young (59392K), 6 survivors (6144K)
 Metaspace       used 66847K, committed 68480K, reserved 1114112K
  class space    used 9082K, committed 9920K, reserved 1048576K
}
Event: 26.812 GC heap after
{Heap after GC invocations=18 (full 0):
 garbage-first heap   total 115712K, used 48737K [0x0000000080000000, 0x0000000100000000)
  region size 1024K, 5 young (5120K), 5 survivors (5120K)
 Metaspace       used 66847K, committed 68480K, reserved 1114112K
  class space    used 9082K, committed 9920K, reserved 1048576K
}
Event: 27.168 GC heap before
{Heap before GC invocations=19 (full 0):
 garbage-first heap   total 115712K, used 112225K [0x0000000080000000, 0x0000000100000000)
  region size 1024K, 58 young (59392K), 5 survivors (5120K)
 Metaspace       used 68435K, committed 70144K, reserved 1114112K
  class space    used 9314K, committed 10176K, reserved 1048576K
}
Event: 27.172 GC heap after
{Heap after GC invocations=20 (full 0):
 garbage-first heap   total 125952K, used 64991K [0x0000000080000000, 0x0000000100000000)
  region size 1024K, 8 young (8192K), 8 survivors (8192K)
 Metaspace       used 68435K, committed 70144K, reserved 1114112K
  class space    used 9314K, committed 10176K, reserved 1048576K
}
Event: 27.596 GC heap before
{Heap before GC invocations=20 (full 0):
 garbage-first heap   total 125952K, used 107999K [0x0000000080000000, 0x0000000100000000)
  region size 1024K, 50 young (51200K), 8 survivors (8192K)
 Metaspace       used 72377K, committed 74176K, reserved 1114112K
  class space    used 9756K, committed 10688K, reserved 1048576K
}
Event: 27.600 GC heap after
{Heap after GC invocations=21 (full 0):
 garbage-first heap   total 151552K, used 67339K [0x0000000080000000, 0x0000000100000000)
  region size 1024K, 3 young (3072K), 3 survivors (3072K)
 Metaspace       used 72377K, committed 74176K, reserved 1114112K
  class space    used 9756K, committed 10688K, reserved 1048576K
}

